Build started 2015/12/25 1:54:35.
     1>Project "E:\opencv\LEGOCREATER\opencv\opencv.vcxproj" on node 2 (Build target(s)).
     1>ClCompile:
         C:\Program Files (x86)\Microsoft Visual Studio 14.0\VC\bin\CL.exe /c /Zi /nologo /W3 /WX- /sdl /O2 /Oi /Oy- /GL /D _MBCS /Gm- /EHsc /MD /GS /Gy /fp:precise /Zc:wchar_t /Zc:forScope /Zc:inline /Fo"Release\\" /Fd"Release\vc140.pdb" /Gd /TP /analyze- /errorReport:prompt Source.cpp
         Source.cpp
     1>C:\OpenCV\opencv\build\include\opencv2/core/mat.hpp(1965): warning C4819: The file contains a character that cannot be represented in the current code page (936). Save the file in Unicode format to prevent data loss
     1>C:\OpenCV\opencv\build\include\opencv2/core/persistence.hpp : warning C4819: The file contains a character that cannot be represented in the current code page (936). Save the file in Unicode format to prevent data loss
     1>C:\OpenCV\opencv\build\include\opencv2/core/utility.hpp : warning C4819: The file contains a character that cannot be represented in the current code page (936). Save the file in Unicode format to prevent data loss
     1>Source.cpp(82): warning C4244: '+=': conversion from 'double' to 'int', possible loss of data
     1>Source.cpp(83): warning C4244: '+=': conversion from 'double' to 'int', possible loss of data
     1>Source.cpp(84): warning C4244: '+=': conversion from 'double' to 'int', possible loss of data
     1>Source.cpp(25): warning C4101: 'Image_LIGHTIN': unreferenced local variable
     1>Source.cpp(31): warning C4101: 'y': unreferenced local variable
     1>Source.cpp(26): warning C4101: 'Image_LIGHT': unreferenced local variable
     1>Source.cpp(31): warning C4101: 'x': unreferenced local variable
       Link:
         C:\Program Files (x86)\Microsoft Visual Studio 14.0\VC\bin\link.exe /ERRORREPORT:PROMPT /OUT:"E:\opencv\LEGOCREATER\Release\opencv.exe" /NOLOGO opencv_ts300.lib opencv_world300.lib kernel32.lib user32.lib gdi32.lib winspool.lib comdlg32.lib advapi32.lib shell32.lib ole32.lib oleaut32.lib uuid.lib odbc32.lib odbccp32.lib /MANIFEST /MANIFESTUAC:"level='asInvoker' uiAccess='false'" /manifest:embed /Debug /PDB:"E:\opencv\LEGOCREATER\Release\opencv.pdb" /OPT:REF /OPT:ICF /LTCG:incremental /TLBID:1 /DYNAMICBASE /NXCOMPAT /IMPLIB:"E:\opencv\LEGOCREATER\Release\opencv.lib" /MACHINE:X86 /SAFESEH Release\Source.obj
         Generating code
         5 of 124 functions ( 4.0%) were compiled, the rest were copied from previous compilation.
           0 functions were new in current compilation
           2 functions had inline decision re-evaluated but remain unchanged
         Finished generating code
         opencv.vcxproj -> E:\opencv\LEGOCREATER\Release\opencv.exe
     1>Done Building Project "E:\opencv\LEGOCREATER\opencv\opencv.vcxproj" (Build target(s)).

Build succeeded.

Time Elapsed 00:00:00.79
